[192f4727d02][2024/11/4 07:53:16][INFO] /home/guogy/.config/QQ/versions/config.json 存在
[192f4727d02][2024/11/4 07:53:16][INFO] [QQEX] process.execPath00:/opt/QQ/qq
[192f4727d02][2024/11/4 07:53:16][INFO] launcherCounts 写入成功: 1
[192f4727d02][2024/11/4 07:53:16][INFO] /home/guogy/.config/QQ/versions/3.2.13-29271.zip 不存在，无需执行解压操作
[192f4727d02][2024/11/4 07:53:16][INFO] /opt/QQ/resources/app/application.asar exists.
[192f4727d02][2024/11/4 07:53:16][INFO] 从安装目录加载主进程代码: /opt/QQ/resources/app/application.asar/background.js
[192f4727d02][2024/11/4 07:53:16][INFO] 
---------- 成功的分割线 ----------


[192f68e234f][2024/11/4 17:42:43][INFO] /home/guogy/.config/QQ/versions/config.json 存在
[192f68e234f][2024/11/4 17:42:43][INFO] [QQEX] process.execPath00:/opt/QQ/qq
[192f68e234f][2024/11/4 17:42:43][INFO] launcherCounts 写入成功: 1
[192f68e234f][2024/11/4 17:42:43][INFO] /home/guogy/.config/QQ/versions/3.2.13-29271.zip 不存在，无需执行解压操作
[192f68e234f][2024/11/4 17:42:43][INFO] /opt/QQ/resources/app/application.asar exists.
[192f68e234f][2024/11/4 17:42:43][INFO] 从安装目录加载主进程代码: /opt/QQ/resources/app/application.asar/background.js
[192f68e234f][2024/11/4 17:42:43][INFO] 
---------- 成功的分割线 ----------


[192f695a704][2024/11/4 17:50:55][INFO] /home/guogy/.config/QQ/versions/config.json 存在
[192f695a704][2024/11/4 17:50:55][INFO] [QQEX] process.execPath00:/opt/QQ/qq
[192f695a704][2024/11/4 17:50:55][INFO] launcherCounts 写入成功: 2
[192f695a704][2024/11/4 17:50:55][INFO] /home/guogy/.config/QQ/versions/3.2.13-29271.zip 不存在，无需执行解压操作
[192f695a704][2024/11/4 17:50:55][INFO] /opt/QQ/resources/app/application.asar exists.
[192f695a704][2024/11/4 17:50:55][INFO] 从安装目录加载主进程代码: /opt/QQ/resources/app/application.asar/background.js
[192f695a704][2024/11/4 17:50:55][INFO] 
---------- 成功的分割线 ----------


[192f721a2d0][2024/11/4 20:23:49][INFO] /home/guogy/.config/QQ/versions/config.json 存在
[192f721a2d0][2024/11/4 20:23:49][INFO] [QQEX] process.execPath00:/opt/QQ/qq
[192f721a2d0][2024/11/4 20:23:49][INFO] launcherCounts 写入成功: 1
[192f721a2d0][2024/11/4 20:23:49][INFO] /home/guogy/.config/QQ/versions/3.2.13-29271.zip 不存在，无需执行解压操作
[192f721a2d0][2024/11/4 20:23:49][INFO] /opt/QQ/resources/app/application.asar exists.
[192f721a2d0][2024/11/4 20:23:49][INFO] 从安装目录加载主进程代码: /opt/QQ/resources/app/application.asar/background.js
[192f721a2d0][2024/11/4 20:23:49][INFO] 
---------- 成功的分割线 ----------


