[192f131453d][2024/11/3 16:43:11][INFO] /home/guogy/.config/QQ/versions/config.json 存在
[192f131453d][2024/11/3 16:43:11][INFO] [QQEX] process.execPath00:/opt/QQ/qq
[192f131453d][2024/11/3 16:43:11][INFO] launcherCounts 写入成功: 1
[192f131453d][2024/11/3 16:43:11][INFO] /home/guogy/.config/QQ/versions/3.2.13-29271.zip 不存在，无需执行解压操作
[192f131453d][2024/11/3 16:43:11][INFO] /opt/QQ/resources/app/application.asar exists.
[192f131453d][2024/11/3 16:43:11][INFO] 从安装目录加载主进程代码: /opt/QQ/resources/app/application.asar/background.js
[192f131453d][2024/11/3 16:43:11][INFO] 
---------- 成功的分割线 ----------


[192f1463121][2024/11/3 17:06:02][INFO] /home/guogy/.config/QQ/versions/config.json 存在
[192f1463121][2024/11/3 17:06:02][INFO] [QQEX] process.execPath00:/opt/QQ/qq
[192f1463121][2024/11/3 17:06:02][INFO] launcherCounts 写入成功: 1
[192f1463121][2024/11/3 17:06:02][INFO] /home/guogy/.config/QQ/versions/3.2.13-29271.zip 不存在，无需执行解压操作
[192f1463121][2024/11/3 17:06:02][INFO] /opt/QQ/resources/app/application.asar exists.
[192f1463121][2024/11/3 17:06:02][INFO] 从安装目录加载主进程代码: /opt/QQ/resources/app/application.asar/background.js
[192f1463121][2024/11/3 17:06:02][INFO] 
---------- 成功的分割线 ----------


[192f1ed2120][2024/11/3 20:08:22][INFO] /home/guogy/.config/QQ/versions/config.json 存在
[192f1ed2120][2024/11/3 20:08:22][INFO] [QQEX] process.execPath00:/opt/QQ/qq
[192f1ed2120][2024/11/3 20:08:22][INFO] launcherCounts 写入成功: 1
[192f1ed2120][2024/11/3 20:08:22][INFO] /home/guogy/.config/QQ/versions/3.2.13-29271.zip 不存在，无需执行解压操作
[192f1ed2120][2024/11/3 20:08:22][INFO] /opt/QQ/resources/app/application.asar exists.
[192f1ed2120][2024/11/3 20:08:22][INFO] 从安装目录加载主进程代码: /opt/QQ/resources/app/application.asar/background.js
[192f1ed2120][2024/11/3 20:08:22][INFO] 
---------- 成功的分割线 ----------


[192f289a3a0][2024/11/3 22:59:19][INFO] /home/guogy/.config/QQ/versions/config.json 存在
[192f289a3a0][2024/11/3 22:59:19][INFO] [QQEX] process.execPath00:/opt/QQ/qq
[192f289a3a0][2024/11/3 22:59:19][INFO] launcherCounts 写入成功: 1
[192f289a3a0][2024/11/3 22:59:19][INFO] /home/guogy/.config/QQ/versions/3.2.13-29271.zip 不存在，无需执行解压操作
[192f289a3a0][2024/11/3 22:59:19][INFO] /opt/QQ/resources/app/application.asar exists.
[192f289a3a0][2024/11/3 22:59:19][INFO] 从安装目录加载主进程代码: /opt/QQ/resources/app/application.asar/background.js
[192f289a3a0][2024/11/3 22:59:19][INFO] 
---------- 成功的分割线 ----------


