[192eadb5ab7][2024/11/2 11:11:37][INFO] /home/guogy/.config/QQ/versions/config.json 存在
[192eadb5ab7][2024/11/2 11:11:37][INFO] launcherCounts 写入成功: 2
[192eadb5ab7][2024/11/2 11:11:37][INFO] /home/guogy/.config/QQ/versions/3.2.13-28971.zip 不存在，无需执行解压操作
[192eadb5ab7][2024/11/2 11:11:37][INFO] 从安装目录加载主进程代码: /opt/QQ/resources/app/application/background.js
[192eadb5ab7][2024/11/2 11:11:37][INFO] 
---------- 成功的分割线 ----------


[192eadc63b2][2024/11/2 11:12:44][INFO] /home/guogy/.config/QQ/versions/config.json 存在
[192eadc63b2][2024/11/2 11:12:44][INFO] launcherCounts 写入成功: 1
[192eadc63b2][2024/11/2 11:12:44][INFO] /home/guogy/.config/QQ/versions/3.2.13-28971.zip 不存在，无需执行解压操作
[192eadc63b2][2024/11/2 11:12:44][INFO] 从安装目录加载主进程代码: /opt/QQ/resources/app/application/background.js
[192eadc63b2][2024/11/2 11:12:45][INFO] 
---------- 成功的分割线 ----------


[192eb16eedb][2024/11/2 12:16:41][INFO] /home/guogy/.config/QQ/versions/config.json 存在
[192eb16eedb][2024/11/2 12:16:41][INFO] launcherCounts 写入成功: 1
[192eb16eedb][2024/11/2 12:16:41][INFO] /home/guogy/.config/QQ/versions/3.2.13-28971.zip 不存在，无需执行解压操作
[192eb16eedb][2024/11/2 12:16:41][INFO] 从安装目录加载主进程代码: /opt/QQ/resources/app/application/background.js
[192eb16eedb][2024/11/2 12:16:41][INFO] 
---------- 成功的分割线 ----------


[192eccccebb][2024/11/2 20:14:58][INFO] /home/guogy/.config/QQ/versions/config.json 存在
[192eccccebb][2024/11/2 20:14:58][INFO] launcherCounts 写入成功: 1
[192eccccebb][2024/11/2 20:14:58][INFO] /home/guogy/.config/QQ/versions/3.2.13-28971.zip 不存在，无需执行解压操作
[192eccccebb][2024/11/2 20:14:58][INFO] 从安装目录加载主进程代码: /opt/QQ/resources/app/application/background.js
[192eccccebb][2024/11/2 20:14:58][INFO] 
---------- 成功的分割线 ----------


[192ecdbb1dd][2024/11/2 20:31:13][INFO] /home/guogy/.config/QQ/versions/config.json 存在
[192ecdbb1dd][2024/11/2 20:31:13][INFO] launcherCounts 写入成功: 1
[192ecdbb1dd][2024/11/2 20:31:13][INFO] /home/guogy/.config/QQ/versions/3.2.13-28971.zip 不存在，无需执行解压操作
[192ecdbb1dd][2024/11/2 20:31:13][INFO] 从安装目录加载主进程代码: /opt/QQ/resources/app/application/background.js
[192ecdbb1dd][2024/11/2 20:31:13][INFO] 
---------- 成功的分割线 ----------


[192ece96c1f][2024/11/2 20:46:13][INFO] /home/guogy/.config/QQ/versions/config.json 存在
[192ece96c1f][2024/11/2 20:46:13][INFO] launcherCounts 写入成功: 2
[192ece96c1f][2024/11/2 20:46:13][INFO] /home/guogy/.config/QQ/versions/3.2.13-28971.zip 不存在，无需执行解压操作
[192ece96c1f][2024/11/2 20:46:13][INFO] 从安装目录加载主进程代码: /opt/QQ/resources/app/application/background.js
[192ece96c1f][2024/11/2 20:46:13][INFO] 
---------- 成功的分割线 ----------


[192ed4f83c5][2024/11/2 22:37:44][INFO] /home/guogy/.config/QQ/versions/config.json 存在
[192ed4f83c5][2024/11/2 22:37:44][INFO] 判断到 {"buildId":"28971","installedBuildId":"29271"} 不符合条件，重置 cacheDir 目录
[192ed4f83c5][2024/11/2 22:37:44][INFO] 要删除的目录/文件是: /home/guogy/.config/QQ/versions/config.json
[192ed4f83c5][2024/11/2 22:37:44][INFO] 要删除的目录/文件是: /home/guogy/.config/QQ/versions/setting.json
[192ed4f83c5][2024/11/2 22:37:44][INFO] [QQEX] process.execPath00:/opt/QQ/qq
[192ed4f83c5][2024/11/2 22:37:44][INFO] 不存在 /home/guogy/.config/QQ/versions/config.json，将自动创建。内容为：
{
  "baseVersion": "3.2.13-29271",
  "curVersion": "3.2.13-29271",
  "prevVersion": "",
  "onErrorVersions": [],
  "buildId": "29271",
  "unzipRetryCount": 0
}
[192ed4f83c5][2024/11/2 22:37:44][INFO] launcherCounts 写入成功: 1
[192ed4f83c5][2024/11/2 22:37:44][INFO] /home/guogy/.config/QQ/versions/3.2.13-29271.zip 不存在，无需执行解压操作
[192ed4f83c5][2024/11/2 22:37:44][INFO] /opt/QQ/resources/app/application.asar exists.
[192ed4f83c5][2024/11/2 22:37:44][INFO] 从安装目录加载主进程代码: /opt/QQ/resources/app/application.asar/background.js
[192ed4f83c5][2024/11/2 22:37:44][INFO] 
---------- 成功的分割线 ----------


[192ed56495b][2024/11/2 22:45:08][INFO] /home/guogy/.config/QQ/versions/config.json 存在
[192ed56495b][2024/11/2 22:45:08][INFO] [QQEX] process.execPath00:/opt/QQ/qq
[192ed56495b][2024/11/2 22:45:08][INFO] launcherCounts 写入成功: 2
[192ed56495b][2024/11/2 22:45:08][INFO] /home/guogy/.config/QQ/versions/3.2.13-29271.zip 不存在，无需执行解压操作
[192ed56495b][2024/11/2 22:45:08][INFO] /opt/QQ/resources/app/application.asar exists.
[192ed56495b][2024/11/2 22:45:08][INFO] 从安装目录加载主进程代码: /opt/QQ/resources/app/application.asar/background.js
[192ed56495b][2024/11/2 22:45:08][INFO] 
---------- 成功的分割线 ----------


[192ed5bbef1][2024/11/2 22:51:05][INFO] /home/guogy/.config/QQ/versions/config.json 存在
[192ed5bbef1][2024/11/2 22:51:05][INFO] [QQEX] process.execPath00:/opt/QQ/qq
[192ed5bbef1][2024/11/2 22:51:05][INFO] launcherCounts 写入成功: 1
[192ed5bbef1][2024/11/2 22:51:05][INFO] /home/guogy/.config/QQ/versions/3.2.13-29271.zip 不存在，无需执行解压操作
[192ed5bbef1][2024/11/2 22:51:05][INFO] /opt/QQ/resources/app/application.asar exists.
[192ed5bbef1][2024/11/2 22:51:05][INFO] 从安装目录加载主进程代码: /opt/QQ/resources/app/application.asar/background.js
[192ed5bbef1][2024/11/2 22:51:05][INFO] 
---------- 成功的分割线 ----------


[192ed5bfe67][2024/11/2 22:51:22][INFO] /home/guogy/.config/QQ/versions/config.json 存在
[192ed5bfe67][2024/11/2 22:51:22][INFO] [QQEX] process.execPath00:/opt/QQ/qq
[192ed5bfe67][2024/11/2 22:51:22][INFO] launcherCounts 写入成功: 2
[192ed5bfe67][2024/11/2 22:51:22][INFO] /home/guogy/.config/QQ/versions/3.2.13-29271.zip 不存在，无需执行解压操作
[192ed5bfe67][2024/11/2 22:51:22][INFO] /opt/QQ/resources/app/application.asar exists.
[192ed5bfe67][2024/11/2 22:51:22][INFO] 从安装目录加载主进程代码: /opt/QQ/resources/app/application.asar/background.js
[192ed5bfe67][2024/11/2 22:51:22][INFO] 
---------- 成功的分割线 ----------


[192ed6214b7][2024/11/2 22:58:01][INFO] /home/guogy/.config/QQ/versions/config.json 存在
[192ed6214b7][2024/11/2 22:58:01][INFO] [QQEX] process.execPath00:/opt/QQ/qq
[192ed6214b7][2024/11/2 22:58:01][INFO] launcherCounts 写入成功: 3
[192ed6214b7][2024/11/2 22:58:01][INFO] /home/guogy/.config/QQ/versions/3.2.13-29271.zip 不存在，无需执行解压操作
[192ed6214b7][2024/11/2 22:58:01][INFO] /opt/QQ/resources/app/application.asar exists.
[192ed6214b7][2024/11/2 22:58:01][INFO] 从安装目录加载主进程代码: /opt/QQ/resources/app/application.asar/background.js
[192ed6214b7][2024/11/2 22:58:01][INFO] 
---------- 成功的分割线 ----------


