[2024-10-31 15:56:29.453] [info]  [192e192c9ca][hot update] ------------ app 启动分界线 ------------
[2024-10-31 15:56:29.464] [info]  [192e192c9ca][hot update] hotUpdateApi checkHasMultipleQQ:  false
[2024-10-31 15:56:29.464] [info]  [192e192c9ca][hot update] hotUpdateApi clearOldVersions start
[2024-10-31 15:56:29.465] [info]  [192e192c9ca][hot update] {
  "baseVersion": "3.2.13-28971",
  "curVersion": "3.2.13-28971",
  "prevVersion": "",
  "onErrorVersions": [],
  "buildId": "28971",
  "unzipRetryCount": 0
}
[2024-10-31 15:56:29.773] [info]  [192e192c9ca][hot update] ----- startUpdate -----
[2024-10-31 15:56:29.779] [info]  [192e192c9ca][hot update] hotUpdateApi checkHasMultipleQQ:  false
[2024-10-31 15:56:29.780] [info]  [192e192c9ca][hot update] hotUpdateApi start check  3.2.13-28971  IsOnErrorVersion
[2024-10-31 15:56:29.780] [info]  [192e192c9ca][hot update] hotUpdateApi checkIsOnErrorVersion result: false
[2024-10-31 15:56:29.781] [info]  [192e192c9ca][hot update] [startUpdate] 无需更新
[2024-10-31 16:04:07.492] [info]  [192e192c9ca][hot update] setLauncherCounts suc 0
[2024-10-31 17:20:24.115] [info]  [192e1e02a81][hot update] ------------ app 启动分界线 ------------
[2024-10-31 17:20:24.128] [info]  [192e1e02a81][hot update] hotUpdateApi checkHasMultipleQQ:  false
[2024-10-31 17:20:24.129] [info]  [192e1e02a81][hot update] hotUpdateApi clearOldVersions start
[2024-10-31 17:20:24.130] [info]  [192e1e02a81][hot update] {
  "baseVersion": "3.2.13-28971",
  "curVersion": "3.2.13-28971",
  "prevVersion": "",
  "onErrorVersions": [],
  "buildId": "28971",
  "unzipRetryCount": 0
}
[2024-10-31 17:20:24.211] [info]  [192e1e02a81][hot update] ----- startUpdate -----
[2024-10-31 17:20:24.221] [info]  [192e1e02a81][hot update] hotUpdateApi checkHasMultipleQQ:  false
[2024-10-31 17:20:24.222] [info]  [192e1e02a81][hot update] hotUpdateApi start check  3.2.13-28971  IsOnErrorVersion
[2024-10-31 17:20:24.222] [info]  [192e1e02a81][hot update] hotUpdateApi checkIsOnErrorVersion result: false
[2024-10-31 17:20:24.224] [info]  [192e1e02a81][hot update] [startUpdate] 无需更新
[2024-10-31 18:12:17.652] [info]  [192e20fad92][hot update] ------------ app 启动分界线 ------------
[2024-10-31 18:12:17.667] [info]  [192e20fad92][hot update] hotUpdateApi checkHasMultipleQQ:  false
[2024-10-31 18:12:17.668] [info]  [192e20fad92][hot update] hotUpdateApi clearOldVersions start
[2024-10-31 18:12:17.669] [info]  [192e20fad92][hot update] {
  "baseVersion": "3.2.13-28971",
  "curVersion": "3.2.13-28971",
  "prevVersion": "",
  "onErrorVersions": [],
  "buildId": "28971",
  "unzipRetryCount": 0
}
[2024-10-31 18:12:17.788] [info]  [192e20fad92][hot update] ----- startUpdate -----
[2024-10-31 18:12:17.797] [info]  [192e20fad92][hot update] hotUpdateApi checkHasMultipleQQ:  false
[2024-10-31 18:12:17.798] [info]  [192e20fad92][hot update] hotUpdateApi start check  3.2.13-28971  IsOnErrorVersion
[2024-10-31 18:12:17.799] [info]  [192e20fad92][hot update] hotUpdateApi checkIsOnErrorVersion result: false
[2024-10-31 18:12:17.801] [info]  [192e20fad92][hot update] [startUpdate] 无需更新
[2024-10-31 18:34:50.929] [info]  [192e22467bd][hot update] setLauncherCounts suc 1
[2024-10-31 18:34:52.945] [info]  [192e20fad92][hot update] setLauncherCounts suc 0
[2024-10-31 18:35:59.234] [info]  [192e22553b0][hot update] ------------ app 启动分界线 ------------
[2024-10-31 18:35:59.242] [info]  [192e22553b0][hot update] hotUpdateApi checkHasMultipleQQ:  false
[2024-10-31 18:35:59.242] [info]  [192e22553b0][hot update] hotUpdateApi clearOldVersions start
[2024-10-31 18:35:59.243] [info]  [192e22553b0][hot update] {
  "baseVersion": "3.2.13-28971",
  "curVersion": "3.2.13-28971",
  "prevVersion": "",
  "onErrorVersions": [],
  "buildId": "28971",
  "unzipRetryCount": 0
}
[2024-10-31 18:35:59.325] [info]  [192e22553b0][hot update] ----- startUpdate -----
[2024-10-31 18:35:59.339] [info]  [192e22553b0][hot update] hotUpdateApi checkHasMultipleQQ:  false
[2024-10-31 18:35:59.341] [info]  [192e22553b0][hot update] hotUpdateApi start check  3.2.13-28971  IsOnErrorVersion
[2024-10-31 18:35:59.342] [info]  [192e22553b0][hot update] hotUpdateApi checkIsOnErrorVersion result: false
[2024-10-31 18:35:59.345] [info]  [192e22553b0][hot update] [startUpdate] 无需更新
[2024-10-31 18:38:20.825] [info]  [192e22791fe][hot update] setLauncherCounts suc 1
[2024-10-31 18:59:10.988] [info]  [192e23a9714][hot update] setLauncherCounts suc 1
[2024-10-31 19:08:59.058] [info]  [192e22553b0][hot update] setLauncherCounts suc 0
[2024-10-31 19:11:52.653] [info]  [192e24635a6][hot update] ------------ app 启动分界线 ------------
[2024-10-31 19:11:52.658] [info]  [192e24635a6][hot update] hotUpdateApi checkHasMultipleQQ:  false
[2024-10-31 19:11:52.659] [info]  [192e24635a6][hot update] hotUpdateApi clearOldVersions start
[2024-10-31 19:11:52.659] [info]  [192e24635a6][hot update] {
  "baseVersion": "3.2.13-28971",
  "curVersion": "3.2.13-28971",
  "prevVersion": "",
  "onErrorVersions": [],
  "buildId": "28971",
  "unzipRetryCount": 0
}
[2024-10-31 19:11:52.827] [info]  [192e24635a6][hot update] ----- startUpdate -----
[2024-10-31 19:11:52.831] [info]  [192e24635a6][hot update] hotUpdateApi checkHasMultipleQQ:  false
[2024-10-31 19:11:52.832] [info]  [192e24635a6][hot update] hotUpdateApi start check  3.2.13-28971  IsOnErrorVersion
[2024-10-31 19:11:52.832] [info]  [192e24635a6][hot update] hotUpdateApi checkIsOnErrorVersion result: false
[2024-10-31 19:11:52.833] [info]  [192e24635a6][hot update] [startUpdate] 无需更新
[2024-10-31 19:12:37.465] [info]  [192e24635a6][hot update] setLauncherCounts suc 0
[2024-10-31 19:13:39.349] [info]  [192e247ce13][hot update] ------------ app 启动分界线 ------------
[2024-10-31 19:13:39.368] [info]  [192e247ce13][hot update] hotUpdateApi checkHasMultipleQQ:  false
[2024-10-31 19:13:39.369] [info]  [192e247ce13][hot update] hotUpdateApi clearOldVersions start
[2024-10-31 19:13:39.369] [info]  [192e247ce13][hot update] {
  "baseVersion": "3.2.13-28971",
  "curVersion": "3.2.13-28971",
  "prevVersion": "",
  "onErrorVersions": [],
  "buildId": "28971",
  "unzipRetryCount": 0
}
[2024-10-31 19:13:39.489] [info]  [192e247ce13][hot update] ----- startUpdate -----
[2024-10-31 19:13:39.492] [info]  [192e247ce13][hot update] hotUpdateApi checkHasMultipleQQ:  false
[2024-10-31 19:13:39.493] [info]  [192e247ce13][hot update] hotUpdateApi start check  3.2.13-28971  IsOnErrorVersion
[2024-10-31 19:13:39.493] [info]  [192e247ce13][hot update] hotUpdateApi checkIsOnErrorVersion result: false
[2024-10-31 19:13:39.494] [info]  [192e247ce13][hot update] [startUpdate] 无需更新
[2024-10-31 19:23:12.681] [info]  [192e250a5ae][hot update] setLauncherCounts suc 1
[2024-10-31 19:52:04.620] [info]  [192e247ce13][hot update] setLauncherCounts suc 0
[2024-10-31 20:07:57.233] [info]  [192e2798cfe][hot update] ------------ app 启动分界线 ------------
[2024-10-31 20:07:57.266] [info]  [192e2798cfe][hot update] hotUpdateApi checkHasMultipleQQ:  false
[2024-10-31 20:07:57.266] [info]  [192e2798cfe][hot update] hotUpdateApi clearOldVersions start
[2024-10-31 20:07:57.267] [info]  [192e2798cfe][hot update] {
  "baseVersion": "3.2.13-28971",
  "curVersion": "3.2.13-28971",
  "prevVersion": "",
  "onErrorVersions": [],
  "buildId": "28971",
  "unzipRetryCount": 0
}
[2024-10-31 20:07:57.459] [info]  [192e2798cfe][hot update] ----- startUpdate -----
[2024-10-31 20:07:57.463] [info]  [192e2798cfe][hot update] hotUpdateApi checkHasMultipleQQ:  false
[2024-10-31 20:07:57.464] [info]  [192e2798cfe][hot update] hotUpdateApi start check  3.2.13-28971  IsOnErrorVersion
[2024-10-31 20:07:57.464] [info]  [192e2798cfe][hot update] hotUpdateApi checkIsOnErrorVersion result: false
[2024-10-31 20:07:57.465] [info]  [192e2798cfe][hot update] [startUpdate] 无需更新
[2024-10-31 21:07:57.580] [info]  [192e2798cfe][hot update] ----- startUpdate -----
[2024-10-31 21:07:57.586] [info]  [192e2798cfe][hot update] hotUpdateApi checkHasMultipleQQ:  false
[2024-10-31 21:07:57.587] [info]  [192e2798cfe][hot update] hotUpdateApi start check  3.2.13-28971  IsOnErrorVersion
[2024-10-31 21:07:57.588] [info]  [192e2798cfe][hot update] hotUpdateApi checkIsOnErrorVersion result: false
[2024-10-31 21:07:57.589] [info]  [192e2798cfe][hot update] [startUpdate] 无需更新
[2024-10-31 21:14:11.265] [info]  [192e2798cfe][hot update] setLauncherCounts suc 0
[2024-11-01 19:40:42.234] [info]  [192e786fbec][hot update] ------------ app 启动分界线 ------------
[2024-11-01 19:40:42.285] [info]  [192e786fbec][hot update] hotUpdateApi checkHasMultipleQQ:  false
[2024-11-01 19:40:42.285] [info]  [192e786fbec][hot update] hotUpdateApi clearOldVersions start
[2024-11-01 19:40:42.286] [info]  [192e786fbec][hot update] {
  "baseVersion": "3.2.13-28971",
  "curVersion": "3.2.13-28971",
  "prevVersion": "",
  "onErrorVersions": [],
  "buildId": "28971",
  "unzipRetryCount": 0
}
[2024-11-01 19:40:42.361] [info]  [192e786fbec][hot update] ----- startUpdate -----
[2024-11-01 19:40:42.367] [info]  [192e786fbec][hot update] hotUpdateApi checkHasMultipleQQ:  false
[2024-11-01 19:40:42.368] [info]  [192e786fbec][hot update] hotUpdateApi start check  3.2.13-28971  IsOnErrorVersion
[2024-11-01 19:40:42.369] [info]  [192e786fbec][hot update] hotUpdateApi checkIsOnErrorVersion result: false
[2024-11-01 19:40:42.369] [info]  [192e786fbec][hot update] [startUpdate] 无需更新
[2024-11-02 11:11:45.738] [info]  [192eadb5ab7][hot update] setLauncherCounts suc 1
[2024-11-02 11:12:16.865] [info]  [192e786fbec][hot update] setLauncherCounts suc 0
[2024-11-02 11:13:02.418] [info]  [192eadc63b2][hot update] ------------ app 启动分界线 ------------
[2024-11-02 11:13:02.440] [info]  [192eadc63b2][hot update] hotUpdateApi checkHasMultipleQQ:  false
[2024-11-02 11:13:02.440] [info]  [192eadc63b2][hot update] hotUpdateApi clearOldVersions start
[2024-11-02 11:13:02.441] [info]  [192eadc63b2][hot update] {
  "baseVersion": "3.2.13-28971",
  "curVersion": "3.2.13-28971",
  "prevVersion": "",
  "onErrorVersions": [],
  "buildId": "28971",
  "unzipRetryCount": 0
}
[2024-11-02 11:13:02.536] [info]  [192eadc63b2][hot update] ----- startUpdate -----
[2024-11-02 11:13:02.546] [info]  [192eadc63b2][hot update] hotUpdateApi checkHasMultipleQQ:  false
[2024-11-02 11:13:02.546] [info]  [192eadc63b2][hot update] hotUpdateApi start check  3.2.13-28971  IsOnErrorVersion
[2024-11-02 11:13:02.547] [info]  [192eadc63b2][hot update] hotUpdateApi checkIsOnErrorVersion result: false
[2024-11-02 11:13:02.548] [info]  [192eadc63b2][hot update] [startUpdate] 无需更新
[2024-11-02 11:25:35.453] [info]  [192eadc63b2][hot update] setLauncherCounts suc 0
[2024-11-02 12:16:48.178] [info]  [192eb16eedb][hot update] ------------ app 启动分界线 ------------
[2024-11-02 12:16:48.202] [info]  [192eb16eedb][hot update] hotUpdateApi checkHasMultipleQQ:  false
[2024-11-02 12:16:48.203] [info]  [192eb16eedb][hot update] hotUpdateApi clearOldVersions start
[2024-11-02 12:16:48.203] [info]  [192eb16eedb][hot update] {
  "baseVersion": "3.2.13-28971",
  "curVersion": "3.2.13-28971",
  "prevVersion": "",
  "onErrorVersions": [],
  "buildId": "28971",
  "unzipRetryCount": 0
}
[2024-11-02 12:16:48.332] [info]  [192eb16eedb][hot update] ----- startUpdate -----
[2024-11-02 12:16:48.340] [info]  [192eb16eedb][hot update] hotUpdateApi checkHasMultipleQQ:  false
[2024-11-02 12:16:48.341] [info]  [192eb16eedb][hot update] hotUpdateApi start check  3.2.13-28971  IsOnErrorVersion
[2024-11-02 12:16:48.342] [info]  [192eb16eedb][hot update] hotUpdateApi checkIsOnErrorVersion result: false
[2024-11-02 12:16:48.343] [info]  [192eb16eedb][hot update] [startUpdate] 无需更新
[2024-11-02 13:16:48.604] [info]  [192eb16eedb][hot update] ----- startUpdate -----
[2024-11-02 13:16:48.611] [info]  [192eb16eedb][hot update] hotUpdateApi checkHasMultipleQQ:  false
[2024-11-02 13:16:48.612] [info]  [192eb16eedb][hot update] hotUpdateApi start check  3.2.13-28971  IsOnErrorVersion
[2024-11-02 13:16:48.613] [info]  [192eb16eedb][hot update] hotUpdateApi checkIsOnErrorVersion result: false
[2024-11-02 13:16:48.615] [info]  [192eb16eedb][hot update] [startUpdate] 无需更新
[2024-11-02 13:57:50.107] [info]  [192eb16eedb][hot update] setLauncherCounts suc 0
[2024-11-02 20:15:21.801] [info]  [192eccccebb][hot update] ------------ app 启动分界线 ------------
[2024-11-02 20:15:21.834] [info]  [192eccccebb][hot update] hotUpdateApi checkHasMultipleQQ:  false
[2024-11-02 20:15:21.834] [info]  [192eccccebb][hot update] hotUpdateApi clearOldVersions start
[2024-11-02 20:15:21.835] [info]  [192eccccebb][hot update] {
  "baseVersion": "3.2.13-28971",
  "curVersion": "3.2.13-28971",
  "prevVersion": "",
  "onErrorVersions": [],
  "buildId": "28971",
  "unzipRetryCount": 0
}
[2024-11-02 20:15:21.878] [info]  [192eccccebb][hot update] ----- startUpdate -----
[2024-11-02 20:15:21.885] [info]  [192eccccebb][hot update] hotUpdateApi checkHasMultipleQQ:  false
[2024-11-02 20:15:21.885] [info]  [192eccccebb][hot update] hotUpdateApi start check  3.2.13-28971  IsOnErrorVersion
[2024-11-02 20:15:21.886] [info]  [192eccccebb][hot update] hotUpdateApi checkIsOnErrorVersion result: false
[2024-11-02 20:15:21.886] [info]  [192eccccebb][hot update] [startUpdate] 无需更新
[2024-11-02 20:24:50.176] [info]  [192eccccebb][hot update] setLauncherCounts suc 0
[2024-11-02 20:31:22.319] [info]  [192ecdbb1dd][hot update] ------------ app 启动分界线 ------------
[2024-11-02 20:31:22.325] [info]  [192ecdbb1dd][hot update] hotUpdateApi checkHasMultipleQQ:  false
[2024-11-02 20:31:22.325] [info]  [192ecdbb1dd][hot update] hotUpdateApi clearOldVersions start
[2024-11-02 20:31:22.326] [info]  [192ecdbb1dd][hot update] {
  "baseVersion": "3.2.13-28971",
  "curVersion": "3.2.13-28971",
  "prevVersion": "",
  "onErrorVersions": [],
  "buildId": "28971",
  "unzipRetryCount": 0
}
[2024-11-02 20:31:22.390] [info]  [192ecdbb1dd][hot update] ----- startUpdate -----
[2024-11-02 20:31:22.393] [info]  [192ecdbb1dd][hot update] hotUpdateApi checkHasMultipleQQ:  false
[2024-11-02 20:31:22.393] [info]  [192ecdbb1dd][hot update] hotUpdateApi start check  3.2.13-28971  IsOnErrorVersion
[2024-11-02 20:31:22.394] [info]  [192ecdbb1dd][hot update] hotUpdateApi checkIsOnErrorVersion result: false
[2024-11-02 20:31:22.394] [info]  [192ecdbb1dd][hot update] [startUpdate] 无需更新
[2024-11-02 20:46:16.817] [info]  [192ece96c1f][hot update] setLauncherCounts suc 1
[2024-11-02 21:09:05.052] [info]  [192ecdbb1dd][hot update] setLauncherCounts suc 0
[2024-11-02 22:37:51.091] [info]  [192ed4f83c5][hot update] ------------ app 启动分界线 ------------
[2024-11-02 22:37:51.109] [info]  [192ed4f83c5][hot update] hotUpdateApi checkHasMultipleQQ:  false
[2024-11-02 22:37:51.109] [info]  [192ed4f83c5][hot update] hotUpdateApi clearOldVersions start
[2024-11-02 22:37:51.110] [info]  [192ed4f83c5][hot update] {
  "baseVersion": "3.2.13-29271",
  "curVersion": "3.2.13-29271",
  "prevVersion": "",
  "onErrorVersions": [],
  "buildId": "29271",
  "unzipRetryCount": 0
}
[2024-11-02 22:37:51.225] [info]  [192ed4f83c5][hot update] ----- startUpdate -----
[2024-11-02 22:37:51.233] [info]  [192ed4f83c5][hot update] hotUpdateApi checkHasMultipleQQ:  false
[2024-11-02 22:37:51.234] [info]  [192ed4f83c5][hot update] hotUpdateApi start check  3.2.13-28971  IsOnErrorVersion
[2024-11-02 22:37:51.234] [info]  [192ed4f83c5][hot update] hotUpdateApi checkIsOnErrorVersion result: false
[2024-11-02 22:37:51.235] [info]  [192ed4f83c5][hot update] [startUpdate] 无需更新
[2024-11-02 22:45:15.527] [info]  [192ed56495b][hot update] ------------ app 启动分界线 ------------
[2024-11-02 22:45:15.533] [info]  [192ed56495b][hot update] hotUpdateApi checkHasMultipleQQ:  false
[2024-11-02 22:45:15.533] [info]  [192ed56495b][hot update] hotUpdateApi clearOldVersions start
[2024-11-02 22:45:15.534] [info]  [192ed56495b][hot update] {
  "baseVersion": "3.2.13-29271",
  "curVersion": "3.2.13-29271",
  "prevVersion": "",
  "onErrorVersions": [],
  "buildId": "29271",
  "unzipRetryCount": 0
}
[2024-11-02 22:45:15.608] [info]  [192ed56495b][hot update] ----- startUpdate -----
[2024-11-02 22:45:15.615] [info]  [192ed56495b][hot update] hotUpdateApi checkHasMultipleQQ:  false
[2024-11-02 22:45:15.616] [info]  [192ed56495b][hot update] hotUpdateApi start check  3.2.13-28971  IsOnErrorVersion
[2024-11-02 22:45:15.616] [info]  [192ed56495b][hot update] hotUpdateApi checkIsOnErrorVersion result: false
[2024-11-02 22:45:15.617] [info]  [192ed56495b][hot update] [startUpdate] 无需更新
[2024-11-02 22:47:22.769] [info]  [192ed56495b][hot update] setLauncherCounts suc 0
[2024-11-02 22:58:08.944] [info]  [192ed6214b7][hot update] ------------ app 启动分界线 ------------
[2024-11-02 22:58:08.966] [info]  [192ed6214b7][hot update] hotUpdateApi checkHasMultipleQQ:  false
[2024-11-02 22:58:08.967] [info]  [192ed6214b7][hot update] hotUpdateApi clearOldVersions start
[2024-11-02 22:58:08.969] [info]  [192ed6214b7][hot update] {
  "baseVersion": "3.2.13-29271",
  "curVersion": "3.2.13-29271",
  "prevVersion": "",
  "onErrorVersions": [],
  "buildId": "29271",
  "unzipRetryCount": 0
}
[2024-11-02 22:58:09.069] [info]  [192ed6214b7][hot update] ----- startUpdate -----
[2024-11-02 22:58:09.079] [info]  [192ed6214b7][hot update] hotUpdateApi checkHasMultipleQQ:  false
[2024-11-02 22:58:09.080] [info]  [192ed6214b7][hot update] hotUpdateApi start check  3.2.13-28971  IsOnErrorVersion
[2024-11-02 22:58:09.081] [info]  [192ed6214b7][hot update] hotUpdateApi checkIsOnErrorVersion result: false
[2024-11-02 22:58:09.081] [info]  [192ed6214b7][hot update] [startUpdate] 无需更新
[2024-11-02 23:58:09.018] [info]  [192ed6214b7][hot update] ----- startUpdate -----
[2024-11-02 23:58:09.030] [info]  [192ed6214b7][hot update] hotUpdateApi checkHasMultipleQQ:  false
[2024-11-02 23:58:09.032] [info]  [192ed6214b7][hot update] hotUpdateApi start check  3.2.13-28971  IsOnErrorVersion
[2024-11-02 23:58:09.032] [info]  [192ed6214b7][hot update] hotUpdateApi checkIsOnErrorVersion result: false
[2024-11-02 23:58:09.034] [info]  [192ed6214b7][hot update] [startUpdate] 无需更新
[2024-11-03 00:34:22.043] [info]  [192ed6214b7][hot update] setLauncherCounts suc 0
[2024-11-03 16:43:19.717] [info]  [192f131453d][hot update] ------------ app 启动分界线 ------------
[2024-11-03 16:43:19.723] [info]  [192f131453d][hot update] hotUpdateApi checkHasMultipleQQ:  false
[2024-11-03 16:43:19.723] [info]  [192f131453d][hot update] hotUpdateApi clearOldVersions start
[2024-11-03 16:43:19.724] [info]  [192f131453d][hot update] {
  "baseVersion": "3.2.13-29271",
  "curVersion": "3.2.13-29271",
  "prevVersion": "",
  "onErrorVersions": [],
  "buildId": "29271",
  "unzipRetryCount": 0
}
[2024-11-03 16:43:19.833] [info]  [192f131453d][hot update] ----- startUpdate -----
[2024-11-03 16:43:19.838] [info]  [192f131453d][hot update] hotUpdateApi checkHasMultipleQQ:  false
[2024-11-03 16:43:19.838] [info]  [192f131453d][hot update] hotUpdateApi start check  3.2.13-28971  IsOnErrorVersion
[2024-11-03 16:43:19.838] [info]  [192f131453d][hot update] hotUpdateApi checkIsOnErrorVersion result: false
[2024-11-03 16:43:19.839] [info]  [192f131453d][hot update] [startUpdate] 无需更新
[2024-11-03 17:02:48.242] [info]  [192f131453d][hot update] setLauncherCounts suc 0
[2024-11-03 17:06:23.775] [info]  [192f1463121][hot update] ------------ app 启动分界线 ------------
[2024-11-03 17:06:23.793] [info]  [192f1463121][hot update] hotUpdateApi checkHasMultipleQQ:  false
[2024-11-03 17:06:23.793] [info]  [192f1463121][hot update] hotUpdateApi clearOldVersions start
[2024-11-03 17:06:23.794] [info]  [192f1463121][hot update] {
  "baseVersion": "3.2.13-29271",
  "curVersion": "3.2.13-29271",
  "prevVersion": "",
  "onErrorVersions": [],
  "buildId": "29271",
  "unzipRetryCount": 0
}
[2024-11-03 17:06:23.864] [info]  [192f1463121][hot update] ----- startUpdate -----
[2024-11-03 17:06:23.877] [info]  [192f1463121][hot update] hotUpdateApi checkHasMultipleQQ:  false
[2024-11-03 17:06:23.879] [info]  [192f1463121][hot update] hotUpdateApi start check  3.2.13-28971  IsOnErrorVersion
[2024-11-03 17:06:23.880] [info]  [192f1463121][hot update] hotUpdateApi checkIsOnErrorVersion result: false
[2024-11-03 17:06:23.884] [info]  [192f1463121][hot update] [startUpdate] 无需更新
[2024-11-03 17:06:31.291] [info]  [192f1463121][hot update] setLauncherCounts suc 0
[2024-11-03 20:08:31.341] [info]  [192f1ed2120][hot update] ------------ app 启动分界线 ------------
[2024-11-03 20:08:31.351] [info]  [192f1ed2120][hot update] hotUpdateApi checkHasMultipleQQ:  false
[2024-11-03 20:08:31.352] [info]  [192f1ed2120][hot update] hotUpdateApi clearOldVersions start
[2024-11-03 20:08:31.353] [info]  [192f1ed2120][hot update] {
  "baseVersion": "3.2.13-29271",
  "curVersion": "3.2.13-29271",
  "prevVersion": "",
  "onErrorVersions": [],
  "buildId": "29271",
  "unzipRetryCount": 0
}
[2024-11-03 20:08:31.416] [info]  [192f1ed2120][hot update] ----- startUpdate -----
[2024-11-03 20:08:31.422] [info]  [192f1ed2120][hot update] hotUpdateApi checkHasMultipleQQ:  false
[2024-11-03 20:08:31.423] [info]  [192f1ed2120][hot update] hotUpdateApi start check  3.2.13-28971  IsOnErrorVersion
[2024-11-03 20:08:31.424] [info]  [192f1ed2120][hot update] hotUpdateApi checkIsOnErrorVersion result: false
[2024-11-03 20:08:31.424] [info]  [192f1ed2120][hot update] [startUpdate] 无需更新
[2024-11-03 20:36:54.141] [info]  [192f1ed2120][hot update] setLauncherCounts suc 0
[2024-11-03 22:59:28.117] [info]  [192f289a3a0][hot update] ------------ app 启动分界线 ------------
[2024-11-03 22:59:28.137] [info]  [192f289a3a0][hot update] hotUpdateApi checkHasMultipleQQ:  false
[2024-11-03 22:59:28.137] [info]  [192f289a3a0][hot update] hotUpdateApi clearOldVersions start
[2024-11-03 22:59:28.138] [info]  [192f289a3a0][hot update] {
  "baseVersion": "3.2.13-29271",
  "curVersion": "3.2.13-29271",
  "prevVersion": "",
  "onErrorVersions": [],
  "buildId": "29271",
  "unzipRetryCount": 0
}
[2024-11-03 22:59:28.211] [info]  [192f289a3a0][hot update] ----- startUpdate -----
[2024-11-03 22:59:28.219] [info]  [192f289a3a0][hot update] hotUpdateApi checkHasMultipleQQ:  false
[2024-11-03 22:59:28.221] [info]  [192f289a3a0][hot update] hotUpdateApi start check  3.2.13-28971  IsOnErrorVersion
[2024-11-03 22:59:28.222] [info]  [192f289a3a0][hot update] hotUpdateApi checkIsOnErrorVersion result: false
[2024-11-03 22:59:28.223] [info]  [192f289a3a0][hot update] [startUpdate] 无需更新
[2024-11-03 23:19:23.885] [info]  [192f289a3a0][hot update] setLauncherCounts suc 0
[2024-11-04 07:53:25.525] [info]  [192f4727d02][hot update] ------------ app 启动分界线 ------------
[2024-11-04 07:53:25.538] [info]  [192f4727d02][hot update] hotUpdateApi checkHasMultipleQQ:  false
[2024-11-04 07:53:25.539] [info]  [192f4727d02][hot update] hotUpdateApi clearOldVersions start
[2024-11-04 07:53:25.539] [info]  [192f4727d02][hot update] {
  "baseVersion": "3.2.13-29271",
  "curVersion": "3.2.13-29271",
  "prevVersion": "",
  "onErrorVersions": [],
  "buildId": "29271",
  "unzipRetryCount": 0
}
[2024-11-04 07:53:25.646] [info]  [192f4727d02][hot update] ----- startUpdate -----
[2024-11-04 07:53:25.652] [info]  [192f4727d02][hot update] hotUpdateApi checkHasMultipleQQ:  false
[2024-11-04 07:53:25.653] [info]  [192f4727d02][hot update] hotUpdateApi start check  3.2.13-28971  IsOnErrorVersion
[2024-11-04 07:53:25.653] [info]  [192f4727d02][hot update] hotUpdateApi checkIsOnErrorVersion result: false
[2024-11-04 07:53:25.655] [info]  [192f4727d02][hot update] [startUpdate] 无需更新
[2024-11-04 08:53:25.589] [info]  [192f4727d02][hot update] ----- startUpdate -----
[2024-11-04 08:53:25.596] [info]  [192f4727d02][hot update] hotUpdateApi checkHasMultipleQQ:  false
[2024-11-04 08:53:25.597] [info]  [192f4727d02][hot update] hotUpdateApi start check  3.2.13-28971  IsOnErrorVersion
[2024-11-04 08:53:25.597] [info]  [192f4727d02][hot update] hotUpdateApi checkIsOnErrorVersion result: false
[2024-11-04 08:53:25.598] [info]  [192f4727d02][hot update] [startUpdate] 无需更新
[2024-11-04 09:45:09.939] [info]  [192f4727d02][hot update] setLauncherCounts suc 0
[2024-11-04 17:42:51.253] [info]  [192f68e234f][hot update] ------------ app 启动分界线 ------------
[2024-11-04 17:42:51.273] [info]  [192f68e234f][hot update] hotUpdateApi checkHasMultipleQQ:  false
[2024-11-04 17:42:51.273] [info]  [192f68e234f][hot update] hotUpdateApi clearOldVersions start
[2024-11-04 17:42:51.274] [info]  [192f68e234f][hot update] {
  "baseVersion": "3.2.13-29271",
  "curVersion": "3.2.13-29271",
  "prevVersion": "",
  "onErrorVersions": [],
  "buildId": "29271",
  "unzipRetryCount": 0
}
[2024-11-04 17:42:51.413] [info]  [192f68e234f][hot update] ----- startUpdate -----
[2024-11-04 17:42:51.417] [info]  [192f68e234f][hot update] hotUpdateApi checkHasMultipleQQ:  false
[2024-11-04 17:42:51.419] [info]  [192f68e234f][hot update] hotUpdateApi start check  3.2.13-28971  IsOnErrorVersion
[2024-11-04 17:42:51.419] [info]  [192f68e234f][hot update] hotUpdateApi checkIsOnErrorVersion result: false
[2024-11-04 17:42:51.420] [info]  [192f68e234f][hot update] [startUpdate] 无需更新
[2024-11-04 17:51:01.972] [info]  [192f695a704][hot update] ------------ app 启动分界线 ------------
[2024-11-04 17:51:01.982] [info]  [192f695a704][hot update] hotUpdateApi checkHasMultipleQQ:  false
[2024-11-04 17:51:01.983] [info]  [192f695a704][hot update] hotUpdateApi clearOldVersions start
[2024-11-04 17:51:01.983] [info]  [192f695a704][hot update] {
  "baseVersion": "3.2.13-29271",
  "curVersion": "3.2.13-29271",
  "prevVersion": "",
  "onErrorVersions": [],
  "buildId": "29271",
  "unzipRetryCount": 0
}
[2024-11-04 17:51:02.120] [info]  [192f695a704][hot update] ----- startUpdate -----
[2024-11-04 17:51:02.128] [info]  [192f695a704][hot update] hotUpdateApi checkHasMultipleQQ:  false
[2024-11-04 17:51:02.129] [info]  [192f695a704][hot update] hotUpdateApi start check  3.2.13-28971  IsOnErrorVersion
[2024-11-04 17:51:02.130] [info]  [192f695a704][hot update] hotUpdateApi checkIsOnErrorVersion result: false
[2024-11-04 17:51:02.132] [info]  [192f695a704][hot update] [startUpdate] 无需更新
[2024-11-04 19:10:55.904] [info]  [192f695a704][hot update] ----- startUpdate -----
[2024-11-04 19:10:55.912] [info]  [192f695a704][hot update] hotUpdateApi checkHasMultipleQQ:  false
[2024-11-04 19:10:55.913] [info]  [192f695a704][hot update] hotUpdateApi start check  3.2.13-28971  IsOnErrorVersion
[2024-11-04 19:10:55.913] [info]  [192f695a704][hot update] hotUpdateApi checkIsOnErrorVersion result: false
[2024-11-04 19:10:55.914] [info]  [192f695a704][hot update] [startUpdate] 无需更新
[2024-11-04 20:10:56.477] [info]  [192f695a704][hot update] ----- startUpdate -----
[2024-11-04 20:10:56.484] [info]  [192f695a704][hot update] hotUpdateApi checkHasMultipleQQ:  false
[2024-11-04 20:10:56.485] [info]  [192f695a704][hot update] hotUpdateApi start check  3.2.13-28971  IsOnErrorVersion
[2024-11-04 20:10:56.486] [info]  [192f695a704][hot update] hotUpdateApi checkIsOnErrorVersion result: false
[2024-11-04 20:10:56.487] [info]  [192f695a704][hot update] [startUpdate] 无需更新
[2024-11-04 20:22:30.029] [info]  [192f695a704][hot update] setLauncherCounts suc 0
[2024-11-04 20:23:51.087] [info]  [192f721a2d0][hot update] setLauncherCounts suc 0
